Base path: E:/Programs/Unity/Editor/Data
Pipe name: \\.\pipe\UnityShaderCompiler-64bit-1-4116
Cmd: getPlatforms
Cmd: preprocess
  insize=1103 outsize=440 ok=1
Cmd: compileSnippet
  api=4 type=0 insize=965 outsize=1071 kw= ok=1
Cmd: compileSnippet
  api=4 type=1 insize=965 outsize=762 kw= ok=1
Cmd: preprocess
  insize=5198 outsize=1723 ok=1
Cmd: compileSnippet
  api=4 type=0 insize=23574 outsize=10325 kw=DIRECTIONAL SHADOWS_OFF LIGHTMAP_OFF DIRLIGHTMAP_OFF DYNAMICLIGHTMAP_OFF ok=1
Cmd: compileSnippet
  api=4 type=1 insize=23574 outsize=12608 kw=DIRECTIONAL SHADOWS_OFF LIGHTMAP_OFF DIRLIGHTMAP_OFF DYNAMICLIGHTMAP_OFF ok=1
Cmd: compileSnippet
  api=4 type=0 insize=18322 outsize=9602 kw=POINT SHADOWS_OFF ok=1
Cmd: compileSnippet
  api=4 type=1 insize=18322 outsize=8489 kw=POINT SHADOWS_OFF ok=1
Cmd: compileSnippet
  api=4 type=0 insize=14306 outsize=8497 kw=SHADOWS_DEPTH ok=1
Cmd: compileSnippet
  api=4 type=1 insize=14306 outsize=917 kw=SHADOWS_DEPTH ok=1
Cmd: compileSnippet
  api=4 type=0 insize=16696 outsize=10171 kw= ok=1
Cmd: compileSnippet
  api=4 type=1 insize=16696 outsize=2550 kw= ok=1
Cmd: preprocess
  insize=2219 outsize=1893 ok=1
Cmd: compileSnippet
  api=4 type=0 insize=35463 outsize=7872 kw=DIRECTIONAL SHADOWS_OFF LIGHTMAP_OFF DIRLIGHTMAP_OFF DYNAMICLIGHTMAP_OFF IN_EDITMODE ok=1
Cmd: compileSnippet
  api=4 type=1 insize=35463 outsize=1591 kw=DIRECTIONAL SHADOWS_OFF LIGHTMAP_OFF DIRLIGHTMAP_OFF DYNAMICLIGHTMAP_OFF IN_EDITMODE ok=1
Cmd: compileSnippet
  api=4 type=0 insize=22483 outsize=6962 kw=POINT IN_EDITMODE ok=1
Cmd: compileSnippet
  api=4 type=1 insize=22483 outsize=2225 kw=POINT IN_EDITMODE ok=1
Cmd: compileSnippet
  api=4 type=0 insize=19949 outsize=6962 kw=IN_EDITMODE ok=1
Cmd: compileSnippet
  api=4 type=1 insize=19949 outsize=1233 kw=IN_EDITMODE ok=1
Cmd: compileSnippet
  api=4 type=0 insize=31777 outsize=8310 kw=LIGHTMAP_OFF DIRLIGHTMAP_OFF DYNAMICLIGHTMAP_OFF IN_EDITMODE HDR_LIGHT_PREPASS_OFF ok=1
Cmd: compileSnippet
  api=4 type=1 insize=31777 outsize=1640 kw=LIGHTMAP_OFF DIRLIGHTMAP_OFF DYNAMICLIGHTMAP_OFF IN_EDITMODE HDR_LIGHT_PREPASS_OFF ok=1
Cmd: compileSnippet
  api=4 type=0 insize=31571 outsize=8010 kw=LIGHTMAP_OFF DIRLIGHTMAP_OFF DYNAMICLIGHTMAP_OFF IN_EDITMODE HDR_LIGHT_PREPASS_OFF ok=1
Cmd: compileSnippet
  api=4 type=1 insize=31571 outsize=1924 kw=LIGHTMAP_OFF DIRLIGHTMAP_OFF DYNAMICLIGHTMAP_OFF IN_EDITMODE HDR_LIGHT_PREPASS_OFF ok=1
Cmd: compileSnippet
  api=4 type=0 insize=19067 outsize=8587 kw=SHADOWS_DEPTH IN_EDITMODE ok=1
Cmd: compileSnippet
  api=4 type=1 insize=19067 outsize=1063 kw=SHADOWS_DEPTH IN_EDITMODE ok=1
Cmd: compileSnippet
  api=4 type=0 insize=20041 outsize=6661 kw=IN_EDITMODE ok=1
Cmd: compileSnippet
  api=4 type=1 insize=20041 outsize=1591 kw=IN_EDITMODE ok=1
Cmd: preprocess
  insize=4320 outsize=1045 ok=1
Cmd: compileSnippet
  api=4 type=0 insize=3579 outsize=2265 kw=WATER_REFRACTIVE ok=1
Cmd: compileSnippet
  api=4 type=1 insize=3579 outsize=2875 kw=WATER_REFRACTIVE ok=1
Cmd: preprocess
  insize=4881 outsize=2081 ok=1
Cmd: compileSnippet
  api=4 type=0 insize=22228 outsize=9716 kw=DIRECTIONAL SHADOWS_OFF LIGHTMAP_OFF DIRLIGHTMAP_OFF DYNAMICLIGHTMAP_OFF ok=1
Cmd: compileSnippet
  api=4 type=1 insize=22228 outsize=13657 kw=DIRECTIONAL SHADOWS_OFF LIGHTMAP_OFF DIRLIGHTMAP_OFF DYNAMICLIGHTMAP_OFF ok=1
Cmd: compileSnippet
  api=4 type=0 insize=16976 outsize=8993 kw=POINT SHADOWS_OFF ok=1
Cmd: compileSnippet
  api=4 type=1 insize=16976 outsize=9513 kw=POINT SHADOWS_OFF ok=1
Cmd: compileSnippet
  api=4 type=0 insize=12960 outsize=8692 kw=SHADOWS_DEPTH ok=1
Cmd: compileSnippet
  api=4 type=1 insize=12960 outsize=917 kw=SHADOWS_DEPTH ok=1
Cmd: compileSnippet
  api=4 type=0 insize=15350 outsize=9562 kw= ok=1
Cmd: compileSnippet
  api=4 type=1 insize=15350 outsize=2550 kw= ok=1
Cmd: preprocess
  insize=1941 outsize=1920 ok=1
Cmd: compileSnippet
  api=4 type=0 insize=17173 outsize=7327 kw=DIRECTIONAL SHADOWS_OFF LIGHTMAP_OFF DIRLIGHTMAP_OFF DYNAMICLIGHTMAP_OFF ok=1
Cmd: compileSnippet
  api=4 type=1 insize=17173 outsize=1591 kw=DIRECTIONAL SHADOWS_OFF LIGHTMAP_OFF DIRLIGHTMAP_OFF DYNAMICLIGHTMAP_OFF ok=1
Cmd: compileSnippet
  api=4 type=0 insize=10683 outsize=6417 kw=POINT ok=1
Cmd: compileSnippet
  api=4 type=1 insize=10683 outsize=2225 kw=POINT ok=1
Cmd: compileSnippet
  api=4 type=0 insize=9389 outsize=6417 kw= ok=1
Cmd: compileSnippet
  api=4 type=1 insize=9389 outsize=1233 kw= ok=1
Cmd: compileSnippet
  api=4 type=0 insize=15333 outsize=7798 kw=LIGHTMAP_OFF DIRLIGHTMAP_OFF DYNAMICLIGHTMAP_OFF HDR_LIGHT_PREPASS_OFF ok=1
Cmd: compileSnippet
  api=4 type=1 insize=15333 outsize=1640 kw=LIGHTMAP_OFF DIRLIGHTMAP_OFF DYNAMICLIGHTMAP_OFF HDR_LIGHT_PREPASS_OFF ok=1
Cmd: compileSnippet
  api=4 type=0 insize=15233 outsize=7465 kw=LIGHTMAP_OFF DIRLIGHTMAP_OFF DYNAMICLIGHTMAP_OFF HDR_LIGHT_PREPASS_OFF ok=1
Cmd: compileSnippet
  api=4 type=1 insize=15233 outsize=1924 kw=LIGHTMAP_OFF DIRLIGHTMAP_OFF DYNAMICLIGHTMAP_OFF HDR_LIGHT_PREPASS_OFF ok=1
Cmd: compileSnippet
  api=4 type=0 insize=8965 outsize=7863 kw=SHADOWS_DEPTH ok=1
Cmd: compileSnippet
  api=4 type=1 insize=8965 outsize=1063 kw=SHADOWS_DEPTH ok=1
Cmd: compileSnippet
  api=4 type=0 insize=9435 outsize=6149 kw= ok=1
Cmd: compileSnippet
  api=4 type=1 insize=9435 outsize=1591 kw= ok=1
Cmd: preprocess
  insize=13263 outsize=2671 ok=1
Cmd: compileSnippet
  api=4 type=0 insize=10590 outsize=5377 kw=WATER_REFLECTIVE WATER_VERTEX_DISPLACEMENT_ON WATER_EDGEBLEND_ON ok=1
Cmd: compileSnippet
  api=4 type=1 insize=10590 outsize=6141 kw=WATER_REFLECTIVE WATER_VERTEX_DISPLACEMENT_ON WATER_EDGEBLEND_ON ok=1
Cmd: compileSnippet
  api=4 type=0 insize=10596 outsize=4987 kw=WATER_REFLECTIVE WATER_VERTEX_DISPLACEMENT_ON WATER_EDGEBLEND_ON ok=1
Cmd: compileSnippet
  api=4 type=1 insize=10596 outsize=4727 kw=WATER_REFLECTIVE WATER_VERTEX_DISPLACEMENT_ON WATER_EDGEBLEND_ON ok=1
Cmd: compileSnippet
  api=4 type=0 insize=10359 outsize=1973 kw= ok=1
Cmd: compileSnippet
  api=4 type=1 insize=10359 outsize=3313 kw= ok=1
Cmd: preprocess
  insize=5100 outsize=2047 ok=1
Cmd: compileSnippet
  api=4 type=0 insize=20111 outsize=12048 kw=DIRECTIONAL SHADOWS_OFF LIGHTMAP_OFF DIRLIGHTMAP_OFF DYNAMICLIGHTMAP_OFF ok=1
Cmd: compileSnippet
  api=4 type=1 insize=20111 outsize=4971 kw=DIRECTIONAL SHADOWS_OFF LIGHTMAP_OFF DIRLIGHTMAP_OFF DYNAMICLIGHTMAP_OFF ok=1
Cmd: compileSnippet
  api=4 type=0 insize=16043 outsize=11130 kw=POINT SHADOWS_OFF ok=1
Cmd: compileSnippet
  api=4 type=1 insize=16043 outsize=5572 kw=POINT SHADOWS_OFF ok=1
Cmd: compileSnippet
  api=4 type=0 insize=12519 outsize=9748 kw=SHADOWS_DEPTH ok=1
Cmd: compileSnippet
  api=4 type=1 insize=12519 outsize=868 kw=SHADOWS_DEPTH ok=1
Cmd: preprocess
  insize=4217 outsize=1930 ok=1
Cmd: compileSnippet
  api=4 type=0 insize=21200 outsize=9716 kw=DIRECTIONAL SHADOWS_OFF LIGHTMAP_OFF DIRLIGHTMAP_OFF DYNAMICLIGHTMAP_OFF ok=1
Cmd: compileSnippet
  api=4 type=1 insize=21200 outsize=12535 kw=DIRECTIONAL SHADOWS_OFF LIGHTMAP_OFF DIRLIGHTMAP_OFF DYNAMICLIGHTMAP_OFF ok=1
Cmd: compileSnippet
  api=4 type=0 insize=15948 outsize=8993 kw=POINT SHADOWS_OFF ok=1
Cmd: compileSnippet
  api=4 type=1 insize=15948 outsize=8351 kw=POINT SHADOWS_OFF ok=1
Cmd: compileSnippet
  api=4 type=0 insize=11932 outsize=8692 kw=SHADOWS_DEPTH ok=1
Cmd: compileSnippet
  api=4 type=1 insize=11932 outsize=917 kw=SHADOWS_DEPTH ok=1
Cmd: compileSnippet
  api=4 type=0 insize=14322 outsize=9562 kw= ok=1
Cmd: compileSnippet
  api=4 type=1 insize=14322 outsize=2550 kw= ok=1
Cmd: preprocess
  insize=5350 outsize=2102 ok=1
Cmd: compileSnippet
  api=4 type=0 insize=11951 outsize=10488 kw=DIRECTIONAL SHADOWS_OFF LIGHTMAP_OFF DIRLIGHTMAP_OFF DYNAMICLIGHTMAP_OFF ok=1
Cmd: compileSnippet
  api=4 type=1 insize=11951 outsize=11999 kw=DIRECTIONAL SHADOWS_OFF LIGHTMAP_OFF DIRLIGHTMAP_OFF DYNAMICLIGHTMAP_OFF ok=1
Cmd: compileSnippet
  api=4 type=0 insize=9278 outsize=9765 kw=POINT SHADOWS_OFF ok=1
Cmd: compileSnippet
  api=4 type=1 insize=9278 outsize=7798 kw=POINT SHADOWS_OFF ok=1
Cmd: compileSnippet
  api=4 type=0 insize=11736 outsize=10488 kw=LIGHTMAP_OFF DIRLIGHTMAP_OFF DYNAMICLIGHTMAP_OFF HDR_LIGHT_PREPASS_OFF ok=1
Cmd: compileSnippet
  api=4 type=1 insize=11736 outsize=9293 kw=LIGHTMAP_OFF DIRLIGHTMAP_OFF DYNAMICLIGHTMAP_OFF HDR_LIGHT_PREPASS_OFF ok=1
Cmd: compileSnippet
  api=4 type=0 insize=7323 outsize=8676 kw=SHADOWS_DEPTH ok=1
Cmd: compileSnippet
  api=4 type=1 insize=7323 outsize=965 kw=SHADOWS_DEPTH ok=1
Cmd: compileSnippet
  api=4 type=0 insize=8501 outsize=10455 kw= ok=1
Cmd: compileSnippet
  api=4 type=1 insize=8501 outsize=3557 kw= ok=1
Cmd: preprocess
  insize=4575 outsize=664 ok=1
Cmd: compileSnippet
  api=4 type=0 insize=4214 outsize=5897 kw=AFS_SH_AMBIENT ok=1
Cmd: compileSnippet
  api=4 type=1 insize=4214 outsize=1672 kw=AFS_SH_AMBIENT ok=1
Cmd: preprocess
  insize=1925 outsize=432 ok=1
Cmd: compileSnippet
  api=4 type=0 insize=1794 outsize=2850 kw= ok=1
Cmd: compileSnippet
  api=4 type=1 insize=1794 outsize=876 kw= ok=1
Cmd: preprocess
  insize=12408 outsize=2547 ok=1
Cmd: compileSnippet
  api=4 type=0 insize=9861 outsize=5028 kw=WATER_REFLECTIVE WATER_VERTEX_DISPLACEMENT_ON WATER_EDGEBLEND_ON ok=1
Cmd: compileSnippet
  api=4 type=1 insize=9861 outsize=5247 kw=WATER_REFLECTIVE WATER_VERTEX_DISPLACEMENT_ON WATER_EDGEBLEND_ON ok=1
Cmd: compileSnippet
  api=4 type=0 insize=9863 outsize=4735 kw=WATER_REFLECTIVE WATER_VERTEX_DISPLACEMENT_ON WATER_EDGEBLEND_ON ok=1
Cmd: compileSnippet
  api=4 type=1 insize=9863 outsize=4459 kw=WATER_REFLECTIVE WATER_VERTEX_DISPLACEMENT_ON WATER_EDGEBLEND_ON ok=1
Cmd: compileSnippet
  api=4 type=0 insize=9630 outsize=1932 kw= ok=1
Cmd: compileSnippet
  api=4 type=1 insize=9630 outsize=3313 kw= ok=1
Cmd: preprocess
  insize=4997 outsize=2060 ok=1
Cmd: compileSnippet
  api=4 type=0 insize=19879 outsize=10748 kw=DIRECTIONAL SHADOWS_OFF LIGHTMAP_OFF DIRLIGHTMAP_OFF DYNAMICLIGHTMAP_OFF ok=1
Cmd: compileSnippet
  api=4 type=1 insize=19879 outsize=4890 kw=DIRECTIONAL SHADOWS_OFF LIGHTMAP_OFF DIRLIGHTMAP_OFF DYNAMICLIGHTMAP_OFF ok=1
Cmd: compileSnippet
  api=4 type=0 insize=15811 outsize=9830 kw=POINT SHADOWS_OFF ok=1
Cmd: compileSnippet
  api=4 type=1 insize=15811 outsize=5491 kw=POINT SHADOWS_OFF ok=1
Cmd: compileSnippet
  api=4 type=0 insize=12287 outsize=9017 kw=SHADOWS_DEPTH ok=1
Cmd: compileSnippet
  api=4 type=1 insize=12287 outsize=868 kw=SHADOWS_DEPTH ok=1
Cmd: preprocess
  insize=1890 outsize=547 ok=1
Cmd: compileSnippet
  api=4 type=0 insize=1648 outsize=2184 kw= ok=1
Cmd: compileSnippet
  api=4 type=1 insize=1648 outsize=2070 kw= ok=1
Cmd: preprocess
  insize=4710 outsize=2082 ok=1
Cmd: compileSnippet
  api=4 type=0 insize=21882 outsize=10902 kw=DIRECTIONAL SHADOWS_OFF LIGHTMAP_OFF DIRLIGHTMAP_OFF DYNAMICLIGHTMAP_OFF ok=1
Cmd: compileSnippet
  api=4 type=1 insize=21882 outsize=12535 kw=DIRECTIONAL SHADOWS_OFF LIGHTMAP_OFF DIRLIGHTMAP_OFF DYNAMICLIGHTMAP_OFF ok=1
Cmd: compileSnippet
  api=4 type=0 insize=16630 outsize=10179 kw=POINT SHADOWS_OFF ok=1
Cmd: compileSnippet
  api=4 type=1 insize=16630 outsize=8351 kw=POINT SHADOWS_OFF ok=1
Cmd: compileSnippet
  api=4 type=0 insize=12614 outsize=9878 kw=SHADOWS_DEPTH ok=1
Cmd: compileSnippet
  api=4 type=1 insize=12614 outsize=917 kw=SHADOWS_DEPTH ok=1
Cmd: compileSnippet
  api=4 type=0 insize=15004 outsize=10748 kw= ok=1
Cmd: compileSnippet
  api=4 type=1 insize=15004 outsize=2550 kw= ok=1
Cmd: preprocess
  insize=4131 outsize=2182 ok=1
Cmd: compileSnippet
  api=4 type=0 insize=10274 outsize=9976 kw=DIRECTIONAL SHADOWS_OFF LIGHTMAP_OFF DIRLIGHTMAP_OFF DYNAMICLIGHTMAP_OFF ok=1
Cmd: compileSnippet
  api=4 type=1 insize=10274 outsize=4288 kw=DIRECTIONAL SHADOWS_OFF LIGHTMAP_OFF DIRLIGHTMAP_OFF DYNAMICLIGHTMAP_OFF ok=1
Cmd: compileSnippet
  api=4 type=0 insize=7840 outsize=9350 kw=POINT SHADOWS_OFF ok=1
Cmd: compileSnippet
  api=4 type=1 insize=7840 outsize=4540 kw=POINT SHADOWS_OFF ok=1
Cmd: compileSnippet
  api=4 type=0 insize=6982 outsize=9025 kw= ok=1
Cmd: compileSnippet
  api=4 type=1 insize=6982 outsize=2005 kw= ok=1
Cmd: compileSnippet
  api=4 type=0 insize=9140 outsize=9432 kw=LIGHTMAP_OFF DIRLIGHTMAP_OFF DYNAMICLIGHTMAP_OFF HDR_LIGHT_PREPASS_OFF ok=1
Cmd: compileSnippet
  api=4 type=1 insize=9140 outsize=2111 kw=LIGHTMAP_OFF DIRLIGHTMAP_OFF DYNAMICLIGHTMAP_OFF HDR_LIGHT_PREPASS_OFF ok=1
Cmd: compileSnippet
  api=4 type=0 insize=10166 outsize=10114 kw=LIGHTMAP_OFF DIRLIGHTMAP_OFF DYNAMICLIGHTMAP_OFF HDR_LIGHT_PREPASS_OFF ok=1
Cmd: compileSnippet
  api=4 type=1 insize=10166 outsize=3517 kw=LIGHTMAP_OFF DIRLIGHTMAP_OFF DYNAMICLIGHTMAP_OFF HDR_LIGHT_PREPASS_OFF ok=1
Cmd: compileSnippet
  api=4 type=0 insize=5987 outsize=8993 kw=SHADOWS_DEPTH ok=1
Cmd: compileSnippet
  api=4 type=1 insize=5987 outsize=559 kw=SHADOWS_DEPTH ok=1
Cmd: preprocess
  insize=1373 outsize=2145 ok=1
Cmd: compileSnippet
  api=4 type=0 insize=7456 outsize=7538 kw=DIRECTIONAL SHADOWS_OFF LIGHTMAP_OFF DIRLIGHTMAP_OFF DYNAMICLIGHTMAP_OFF ok=1
Cmd: compileSnippet
  api=4 type=1 insize=7456 outsize=3346 kw=DIRECTIONAL SHADOWS_OFF LIGHTMAP_OFF DIRLIGHTMAP_OFF DYNAMICLIGHTMAP_OFF ok=1
Cmd: compileSnippet
  api=4 type=0 insize=5024 outsize=6620 kw=POINT ok=1
Cmd: compileSnippet
  api=4 type=1 insize=5024 outsize=3890 kw=POINT ok=1
Cmd: compileSnippet
  api=4 type=0 insize=4181 outsize=6474 kw= ok=1
Cmd: compileSnippet
  api=4 type=1 insize=4181 outsize=1550 kw= ok=1
Cmd: compileSnippet
  api=4 type=0 insize=6336 outsize=6702 kw=LIGHTMAP_OFF DIRLIGHTMAP_OFF DYNAMICLIGHTMAP_OFF HDR_LIGHT_PREPASS_OFF ok=1
Cmd: compileSnippet
  api=4 type=1 insize=6336 outsize=1810 kw=LIGHTMAP_OFF DIRLIGHTMAP_OFF DYNAMICLIGHTMAP_OFF HDR_LIGHT_PREPASS_OFF ok=1
Cmd: compileSnippet
  api=4 type=0 insize=7359 outsize=7677 kw=LIGHTMAP_OFF DIRLIGHTMAP_OFF DYNAMICLIGHTMAP_OFF HDR_LIGHT_PREPASS_OFF ok=1
Cmd: compileSnippet
  api=4 type=1 insize=7359 outsize=2533 kw=LIGHTMAP_OFF DIRLIGHTMAP_OFF DYNAMICLIGHTMAP_OFF HDR_LIGHT_PREPASS_OFF ok=1
Cmd: compileSnippet
  api=4 type=0 insize=3018 outsize=6409 kw=SHADOWS_DEPTH ok=1
Cmd: compileSnippet
  api=4 type=1 insize=3018 outsize=510 kw=SHADOWS_DEPTH ok=1
Cmd: preprocess
  insize=1700 outsize=1609 ok=1
Cmd: compileSnippet
  api=4 type=0 insize=6893 outsize=8977 kw=DIRECTIONAL SHADOWS_OFF LIGHTMAP_OFF DIRLIGHTMAP_OFF DYNAMICLIGHTMAP_OFF ok=1
Cmd: compileSnippet
  api=4 type=1 insize=6893 outsize=4191 kw=DIRECTIONAL SHADOWS_OFF LIGHTMAP_OFF DIRLIGHTMAP_OFF DYNAMICLIGHTMAP_OFF ok=1
Cmd: compileSnippet
  api=4 type=0 insize=3125 outsize=7352 kw=SHADOWS_DEPTH ok=1
Cmd: compileSnippet
  api=4 type=1 insize=3125 outsize=868 kw=SHADOWS_DEPTH ok=1
Cmd: preprocess
  insize=1411 outsize=2162 ok=1
Cmd: compileSnippet
  api=4 type=0 insize=7475 outsize=7538 kw=DIRECTIONAL SHADOWS_OFF LIGHTMAP_OFF DIRLIGHTMAP_OFF DYNAMICLIGHTMAP_OFF ok=1
Cmd: compileSnippet
  api=4 type=1 insize=7475 outsize=3346 kw=DIRECTIONAL SHADOWS_OFF LIGHTMAP_OFF DIRLIGHTMAP_OFF DYNAMICLIGHTMAP_OFF ok=1
Cmd: compileSnippet
  api=4 type=0 insize=5043 outsize=6620 kw=POINT ok=1
Cmd: compileSnippet
  api=4 type=1 insize=5043 outsize=3890 kw=POINT ok=1
Cmd: compileSnippet
  api=4 type=0 insize=4200 outsize=6474 kw= ok=1
Cmd: compileSnippet
  api=4 type=1 insize=4200 outsize=1550 kw= ok=1
Cmd: compileSnippet
  api=4 type=0 insize=6355 outsize=6702 kw=LIGHTMAP_OFF DIRLIGHTMAP_OFF DYNAMICLIGHTMAP_OFF HDR_LIGHT_PREPASS_OFF ok=1
Cmd: compileSnippet
  api=4 type=1 insize=6355 outsize=1810 kw=LIGHTMAP_OFF DIRLIGHTMAP_OFF DYNAMICLIGHTMAP_OFF HDR_LIGHT_PREPASS_OFF ok=1
Cmd: compileSnippet
  api=4 type=0 insize=7378 outsize=7677 kw=LIGHTMAP_OFF DIRLIGHTMAP_OFF DYNAMICLIGHTMAP_OFF HDR_LIGHT_PREPASS_OFF ok=1
Cmd: compileSnippet
  api=4 type=1 insize=7378 outsize=2533 kw=LIGHTMAP_OFF DIRLIGHTMAP_OFF DYNAMICLIGHTMAP_OFF HDR_LIGHT_PREPASS_OFF ok=1
Cmd: compileSnippet
  api=4 type=0 insize=3037 outsize=6409 kw=SHADOWS_DEPTH ok=1
Cmd: compileSnippet
  api=4 type=1 insize=3037 outsize=510 kw=SHADOWS_DEPTH ok=1
Cmd: preprocess
  insize=3507 outsize=490 ok=1
Cmd: compileSnippet
  api=4 type=0 insize=3321 outsize=5109 kw=AFS_SH_AMBIENT ok=1
Cmd: compileSnippet
  api=4 type=1 insize=3321 outsize=2371 kw=AFS_SH_AMBIENT ok=1
Cmd: preprocess
  insize=4498 outsize=1701 ok=1
Cmd: compileSnippet
  api=4 type=0 insize=19607 outsize=9878 kw=DIRECTIONAL SHADOWS_OFF LIGHTMAP_OFF DIRLIGHTMAP_OFF DYNAMICLIGHTMAP_OFF ok=1
Cmd: compileSnippet
  api=4 type=1 insize=19607 outsize=4305 kw=DIRECTIONAL SHADOWS_OFF LIGHTMAP_OFF DIRLIGHTMAP_OFF DYNAMICLIGHTMAP_OFF ok=1
Cmd: compileSnippet
  api=4 type=0 insize=15539 outsize=9692 kw=POINT SHADOWS_OFF ok=1
Cmd: compileSnippet
  api=4 type=1 insize=15539 outsize=4914 kw=POINT SHADOWS_OFF ok=1
Cmd: compileSnippet
  api=4 type=0 insize=12005 outsize=8879 kw=SHADOWS_DEPTH ok=1
Cmd: compileSnippet
  api=4 type=1 insize=12005 outsize=510 kw=SHADOWS_DEPTH ok=1
Cmd: preprocess
  insize=14374 outsize=3034 ok=1
Cmd: compileSnippet
  api=4 type=0 insize=976 outsize=8058 kw= ok=1
Cmd: compileSnippet
  api=4 type=1 insize=976 outsize=1355 kw= ok=1
Cmd: compileSnippet
  api=4 type=0 insize=831 outsize=6758 kw= ok=1
Cmd: compileSnippet
  api=4 type=1 insize=831 outsize=1014 kw= ok=1
Cmd: compileSnippet
  api=4 type=0 insize=980 outsize=8197 kw= ok=1
Cmd: compileSnippet
  api=4 type=1 insize=980 outsize=1355 kw= ok=1
Cmd: compileSnippet
  api=4 type=0 insize=1012 outsize=6791 kw= ok=1
Cmd: compileSnippet
  api=4 type=1 insize=1012 outsize=1355 kw= ok=1
Cmd: compileSnippet
  api=4 type=0 insize=1012 outsize=6791 kw= ok=1
Cmd: compileSnippet
  api=4 type=1 insize=1012 outsize=1355 kw= ok=1
Cmd: compileSnippet
  api=4 type=0 insize=1011 outsize=7977 kw= ok=1
Cmd: compileSnippet
  api=4 type=1 insize=1011 outsize=1355 kw= ok=1
Cmd: compileSnippet
  api=4 type=0 insize=1023 outsize=5832 kw= ok=1
Cmd: compileSnippet
  api=4 type=1 insize=1023 outsize=1453 kw= ok=1
Cmd: compileSnippet
  api=4 type=0 insize=1016 outsize=6515 kw= ok=1
Cmd: compileSnippet
  api=4 type=1 insize=1016 outsize=1453 kw= ok=1
Cmd: compileSnippet
  api=4 type=0 insize=654 outsize=1851 kw= ok=1
Cmd: compileSnippet
  api=4 type=1 insize=654 outsize=965 kw= ok=1
Cmd: compileSnippet
  api=4 type=0 insize=913 outsize=2070 kw= ok=1
Cmd: compileSnippet
  api=4 type=1 insize=913 outsize=1380 kw= ok=1
Cmd: compileSnippet
  api=4 type=0 insize=800 outsize=4678 kw= ok=1
Cmd: compileSnippet
  api=4 type=1 insize=800 outsize=1014 kw= ok=1
Cmd: compileSnippet
  api=4 type=0 insize=921 outsize=5548 kw= ok=1
Cmd: compileSnippet
  api=4 type=1 insize=921 outsize=1355 kw= ok=1
Cmd: compileSnippet
  api=4 type=0 insize=820 outsize=2688 kw= ok=1
Cmd: compileSnippet
  api=4 type=1 insize=820 outsize=965 kw= ok=1
Cmd: compileSnippet
  api=4 type=0 insize=1026 outsize=2891 kw= ok=1
Cmd: compileSnippet
  api=4 type=1 insize=1026 outsize=1355 kw= ok=1
Cmd: compileSnippet
  api=4 type=0 insize=1032 outsize=2940 kw= ok=1
Cmd: compileSnippet
  api=4 type=1 insize=1032 outsize=1355 kw= ok=1
Cmd: compileSnippet
  api=4 type=0 insize=918 outsize=2696 kw= ok=1
Cmd: compileSnippet
  api=4 type=1 insize=918 outsize=1307 kw= ok=1
Cmd: compileSnippet
  api=4 type=0 insize=962 outsize=5036 kw= ok=1
Cmd: compileSnippet
  api=4 type=1 insize=962 outsize=1453 kw= ok=1
Cmd: compileSnippet
  api=4 type=0 insize=948 outsize=4719 kw= ok=1
Cmd: compileSnippet
  api=4 type=1 insize=948 outsize=1453 kw= ok=1
Cmd: preprocess
  insize=5358 outsize=2137 ok=1
Cmd: compileSnippet
  api=4 type=0 insize=11999 outsize=10610 kw=DIRECTIONAL SHADOWS_OFF LIGHTMAP_OFF DIRLIGHTMAP_OFF DYNAMICLIGHTMAP_OFF ok=1
Cmd: compileSnippet
  api=4 type=1 insize=11999 outsize=12194 kw=DIRECTIONAL SHADOWS_OFF LIGHTMAP_OFF DIRLIGHTMAP_OFF DYNAMICLIGHTMAP_OFF ok=1
Cmd: compileSnippet
  api=4 type=0 insize=9324 outsize=9887 kw=POINT SHADOWS_OFF ok=1
Cmd: compileSnippet
  api=4 type=1 insize=9324 outsize=8132 kw=POINT SHADOWS_OFF ok=1
Cmd: compileSnippet
  api=4 type=0 insize=11782 outsize=10610 kw=LIGHTMAP_OFF DIRLIGHTMAP_OFF DYNAMICLIGHTMAP_OFF HDR_LIGHT_PREPASS_OFF ok=1
Cmd: compileSnippet
  api=4 type=1 insize=11782 outsize=9488 kw=LIGHTMAP_OFF DIRLIGHTMAP_OFF DYNAMICLIGHTMAP_OFF HDR_LIGHT_PREPASS_OFF ok=1
Cmd: compileSnippet
  api=4 type=0 insize=7295 outsize=8676 kw=SHADOWS_DEPTH ok=1
Cmd: compileSnippet
  api=4 type=1 insize=7295 outsize=965 kw=SHADOWS_DEPTH ok=1
Cmd: compileSnippet
  api=4 type=0 insize=8547 outsize=10577 kw= ok=1
Cmd: compileSnippet
  api=4 type=1 insize=8547 outsize=2834 kw= ok=1
Cmd: compileSnippet
  api=4 type=0 insize=15948 outsize=8993 kw=DIRECTIONAL SHADOWS_OFF ok=1
Cmd: compileSnippet
  api=4 type=1 insize=15948 outsize=7636 kw=DIRECTIONAL SHADOWS_OFF ok=1
Cmd: compileSnippet
  api=4 type=0 insize=5043 outsize=6620 kw=DIRECTIONAL ok=1
Cmd: compileSnippet
  api=4 type=1 insize=5043 outsize=3151 kw=DIRECTIONAL ok=1
Cmd: compileSnippet
  api=4 type=0 insize=22483 outsize=6962 kw=DIRECTIONAL IN_EDITMODE ok=1
Cmd: compileSnippet
  api=4 type=1 insize=22483 outsize=1445 kw=DIRECTIONAL IN_EDITMODE ok=1
Cmd: compileSnippet
  api=4 type=0 insize=16630 outsize=10179 kw=DIRECTIONAL SHADOWS_OFF ok=1
Cmd: compileSnippet
  api=4 type=1 insize=16630 outsize=7636 kw=DIRECTIONAL SHADOWS_OFF ok=1
Cmd: compileSnippet
  api=4 type=0 insize=16043 outsize=11130 kw=DIRECTIONAL SHADOWS_OFF ok=1
Cmd: compileSnippet
  api=4 type=1 insize=16043 outsize=4776 kw=DIRECTIONAL SHADOWS_OFF ok=1
Cmd: compileSnippet
  api=4 type=0 insize=16976 outsize=8993 kw=DIRECTIONAL SHADOWS_OFF ok=1
Cmd: compileSnippet
  api=4 type=1 insize=16976 outsize=8765 kw=DIRECTIONAL SHADOWS_OFF ok=1
Cmd: compileSnippet
  api=4 type=0 insize=15539 outsize=9692 kw=DIRECTIONAL SHADOWS_OFF ok=1
Cmd: compileSnippet
  api=4 type=1 insize=15539 outsize=4110 kw=DIRECTIONAL SHADOWS_OFF ok=1
Cmd: compileSnippet
  api=4 type=0 insize=15811 outsize=9830 kw=DIRECTIONAL SHADOWS_OFF ok=1
Cmd: compileSnippet
  api=4 type=1 insize=15811 outsize=4695 kw=DIRECTIONAL SHADOWS_OFF ok=1
Cmd: compileSnippet
  api=4 type=0 insize=9278 outsize=9765 kw=DIRECTIONAL SHADOWS_OFF ok=1
Cmd: compileSnippet
  api=4 type=1 insize=9278 outsize=7140 kw=DIRECTIONAL SHADOWS_OFF ok=1
Cmd: compileSnippet
  api=4 type=0 insize=9324 outsize=9887 kw=DIRECTIONAL SHADOWS_OFF ok=1
Cmd: compileSnippet
  api=4 type=1 insize=9324 outsize=7433 kw=DIRECTIONAL SHADOWS_OFF ok=1
Cmd: compileSnippet
  api=4 type=0 insize=7840 outsize=9350 kw=DIRECTIONAL SHADOWS_OFF ok=1
Cmd: compileSnippet
  api=4 type=1 insize=7840 outsize=3768 kw=DIRECTIONAL SHADOWS_OFF ok=1
Cmd: compileSnippet
  api=4 type=0 insize=5024 outsize=6620 kw=DIRECTIONAL ok=1
Cmd: compileSnippet
  api=4 type=1 insize=5024 outsize=3151 kw=DIRECTIONAL ok=1
Cmd: compileSnippet
  api=4 type=0 insize=19067 outsize=8448 kw=SHADOWS_DEPTH IN_PLAYMODE ok=1
Cmd: compileSnippet
  api=4 type=1 insize=19067 outsize=1063 kw=SHADOWS_DEPTH IN_PLAYMODE ok=1
Cmd: compileSnippet
  api=4 type=0 insize=35463 outsize=8327 kw=DIRECTIONAL SHADOWS_SCREEN LIGHTMAP_OFF DIRLIGHTMAP_OFF DYNAMICLIGHTMAP_OFF IN_PLAYMODE ok=1
Cmd: compileSnippet
  api=4 type=1 insize=35463 outsize=1908 kw=DIRECTIONAL SHADOWS_SCREEN LIGHTMAP_OFF DIRLIGHTMAP_OFF DYNAMICLIGHTMAP_OFF IN_PLAYMODE ok=1
Cmd: compileSnippet
  api=4 type=0 insize=35463 outsize=7912 kw=DIRECTIONAL SHADOWS_OFF LIGHTMAP_OFF DIRLIGHTMAP_OFF DYNAMICLIGHTMAP_OFF IN_PLAYMODE ok=1
Cmd: compileSnippet
  api=4 type=1 insize=35463 outsize=1591 kw=DIRECTIONAL SHADOWS_OFF LIGHTMAP_OFF DIRLIGHTMAP_OFF DYNAMICLIGHTMAP_OFF IN_PLAYMODE ok=1
Cmd: compileSnippet
  api=4 type=0 insize=22483 outsize=7002 kw=DIRECTIONAL IN_PLAYMODE ok=1
Cmd: compileSnippet
  api=4 type=1 insize=22483 outsize=1445 kw=DIRECTIONAL IN_PLAYMODE ok=1
Cmd: compileSnippet
  api=4 type=0 insize=982 outsize=5857 kw=DIRECTIONAL SHADOWS_SCREEN LIGHTMAP_OFF DIRLIGHTMAP_OFF DYNAMICLIGHTMAP_OFF _PARALLAXMAP _DETAIL_MULX2 _NORMALMAP _METALLICGLOSSMAP ok=1
Cmd: compileSnippet
  api=4 type=1 insize=982 outsize=13884 kw=DIRECTIONAL SHADOWS_SCREEN LIGHTMAP_OFF DIRLIGHTMAP_OFF DYNAMICLIGHTMAP_OFF _PARALLAXMAP _DETAIL_MULX2 _NORMALMAP _METALLICGLOSSMAP ok=1
Cmd: compileSnippet
  api=4 type=0 insize=982 outsize=5499 kw=DIRECTIONAL SHADOWS_OFF LIGHTMAP_OFF DIRLIGHTMAP_OFF DYNAMICLIGHTMAP_OFF _PARALLAXMAP _DETAIL_MULX2 _NORMALMAP _METALLICGLOSSMAP ok=1
Cmd: compileSnippet
  api=4 type=1 insize=982 outsize=13575 kw=DIRECTIONAL SHADOWS_OFF LIGHTMAP_OFF DIRLIGHTMAP_OFF DYNAMICLIGHTMAP_OFF _PARALLAXMAP _DETAIL_MULX2 _NORMALMAP _METALLICGLOSSMAP ok=1
Cmd: compileSnippet
  api=4 type=0 insize=938 outsize=5093 kw=DIRECTIONAL SHADOWS_OFF _PARALLAXMAP _DETAIL_MULX2 _NORMALMAP _METALLICGLOSSMAP ok=1
Cmd: compileSnippet
  api=4 type=1 insize=938 outsize=8440 kw=DIRECTIONAL SHADOWS_OFF _PARALLAXMAP _DETAIL_MULX2 _NORMALMAP _METALLICGLOSSMAP ok=1
Cmd: compileSnippet
  api=4 type=0 insize=982 outsize=5857 kw=DIRECTIONAL SHADOWS_SCREEN LIGHTMAP_OFF DIRLIGHTMAP_OFF DYNAMICLIGHTMAP_OFF _PARALLAXMAP _METALLICGLOSSMAP ok=1
Cmd: compileSnippet
  api=4 type=1 insize=982 outsize=11650 kw=DIRECTIONAL SHADOWS_SCREEN LIGHTMAP_OFF DIRLIGHTMAP_OFF DYNAMICLIGHTMAP_OFF _PARALLAXMAP _METALLICGLOSSMAP ok=1
Cmd: compileSnippet
  api=4 type=0 insize=982 outsize=5499 kw=DIRECTIONAL SHADOWS_OFF LIGHTMAP_OFF DIRLIGHTMAP_OFF DYNAMICLIGHTMAP_OFF _PARALLAXMAP _METALLICGLOSSMAP ok=1
Cmd: compileSnippet
  api=4 type=1 insize=982 outsize=11341 kw=DIRECTIONAL SHADOWS_OFF LIGHTMAP_OFF DIRLIGHTMAP_OFF DYNAMICLIGHTMAP_OFF _PARALLAXMAP _METALLICGLOSSMAP ok=1
Cmd: compileSnippet
  api=4 type=0 insize=938 outsize=5093 kw=DIRECTIONAL SHADOWS_OFF _PARALLAXMAP _METALLICGLOSSMAP ok=1
Cmd: compileSnippet
  api=4 type=1 insize=938 outsize=6263 kw=DIRECTIONAL SHADOWS_OFF _PARALLAXMAP _METALLICGLOSSMAP ok=1
Cmd: compileSnippet
  api=4 type=0 insize=982 outsize=5857 kw=DIRECTIONAL SHADOWS_SCREEN LIGHTMAP_OFF DIRLIGHTMAP_OFF DYNAMICLIGHTMAP_OFF _PARALLAXMAP _NORMALMAP _METALLICGLOSSMAP ok=1
Cmd: compileSnippet
  api=4 type=1 insize=982 outsize=12446 kw=DIRECTIONAL SHADOWS_SCREEN LIGHTMAP_OFF DIRLIGHTMAP_OFF DYNAMICLIGHTMAP_OFF _PARALLAXMAP _NORMALMAP _METALLICGLOSSMAP ok=1
Cmd: compileSnippet
  api=4 type=0 insize=982 outsize=5499 kw=DIRECTIONAL SHADOWS_OFF LIGHTMAP_OFF DIRLIGHTMAP_OFF DYNAMICLIGHTMAP_OFF _PARALLAXMAP _NORMALMAP _METALLICGLOSSMAP ok=1
Cmd: compileSnippet
  api=4 type=1 insize=982 outsize=12137 kw=DIRECTIONAL SHADOWS_OFF LIGHTMAP_OFF DIRLIGHTMAP_OFF DYNAMICLIGHTMAP_OFF _PARALLAXMAP _NORMALMAP _METALLICGLOSSMAP ok=1
Cmd: compileSnippet
  api=4 type=0 insize=938 outsize=5093 kw=DIRECTIONAL SHADOWS_OFF _PARALLAXMAP _NORMALMAP _METALLICGLOSSMAP ok=1
Cmd: compileSnippet
  api=4 type=1 insize=938 outsize=7027 kw=DIRECTIONAL SHADOWS_OFF _PARALLAXMAP _NORMALMAP _METALLICGLOSSMAP ok=1
Cmd: compileSnippet
  api=4 type=0 insize=19607 outsize=10293 kw=DIRECTIONAL SHADOWS_SCREEN LIGHTMAP_OFF DIRLIGHTMAP_OFF DYNAMICLIGHTMAP_OFF ok=1
Cmd: compileSnippet
  api=4 type=1 insize=19607 outsize=4752 kw=DIRECTIONAL SHADOWS_SCREEN LIGHTMAP_OFF DIRLIGHTMAP_OFF DYNAMICLIGHTMAP_OFF ok=1
